

times in msec
 clock   self+sourced   self:  sourced script
 clock   elapsed:              other lines

000.028  000.028: --- NVIM STARTING ---
000.914  000.886: locale set
001.505  000.591: inits 1
001.535  000.030: window checked
009.578  008.044: parsing arguments
010.118  000.540: expanding arguments
010.185  000.066: inits 2
011.590  001.405: init highlight
011.594  000.004: waiting for UI
013.612  002.018: done waiting for UI
013.637  000.025: initialized screen early for UI
014.588  000.543  000.543: sourcing /usr/local/share/nvim/runtime/syntax/nosyntax.vim
014.777  000.078  000.078: sourcing /usr/local/share/nvim/runtime/ftoff.vim
016.274  002.335  001.714: sourcing /home/razak/.config/rvim/external/utils/.vimrc.local
016.304  002.436  000.101: sourcing /etc/xdg//nvim/sysinit.vim
016.484  000.098  000.098: sourcing /home/razak/.config/nvim/init.vim
016.560  000.389: sourcing vimrc file(s)
016.700  000.088  000.088: sourcing /usr/local/share/nvim/runtime/ftplugin.vim
017.064  000.070  000.070: sourcing /usr/local/share/nvim/runtime/indent.vim
019.653  000.438  000.438: sourcing /usr/local/share/nvim/runtime/plugin/gzip.vim
019.727  000.028  000.028: sourcing /usr/local/share/nvim/runtime/plugin/health.vim
019.849  000.087  000.087: sourcing /usr/local/share/nvim/runtime/plugin/man.vim
019.920  000.034  000.034: sourcing /usr/local/share/nvim/runtime/plugin/matchit.vim
019.985  000.032  000.032: sourcing /usr/local/share/nvim/runtime/plugin/matchparen.vim
020.070  000.046  000.046: sourcing /usr/local/share/nvim/runtime/plugin/netrwPlugin.vim
020.980  000.481  000.481: sourcing /usr/local/share/nvim/runtime/autoload/remote/host.vim
021.494  000.298  000.298: sourcing /usr/local/share/nvim/runtime/autoload/remote/define.vim
021.678  001.252  000.473: sourcing /home/razak/.local/share/nvim/rplugin.vim
021.694  001.590  000.337: sourcing /usr/local/share/nvim/runtime/plugin/rplugin.vim
022.015  000.217  000.217: sourcing /usr/local/share/nvim/runtime/plugin/shada.vim
022.136  000.053  000.053: sourcing /usr/local/share/nvim/runtime/plugin/spellfile.vim
022.256  000.068  000.068: sourcing /usr/local/share/nvim/runtime/plugin/tarPlugin.vim
022.592  000.279  000.279: sourcing /usr/local/share/nvim/runtime/plugin/tohtml.vim
022.685  000.042  000.042: sourcing /usr/local/share/nvim/runtime/plugin/tutor.vim
022.804  000.063  000.063: sourcing /usr/local/share/nvim/runtime/plugin/zipPlugin.vim
023.759  004.065: loading plugins
027.977  001.057  001.057: sourcing /home/razak/.local/share/rvim/site/pack/packer/start/galaxyline.nvim/plugin/galaxyline.vim
028.431  000.127  000.127: sourcing /home/razak/.local/share/rvim/site/pack/packer/start/nlsp-settings.nvim/plugin/nlspsetting.vim
043.302  014.546  014.546: sourcing /home/razak/.local/share/rvim/site/pack/packer/start/nvim-autopairs/plugin/nvim-autopairs.vim
059.579  015.938  015.938: sourcing /home/razak/.local/share/rvim/site/pack/packer/start/nvim-lspconfig/plugin/lspconfig.vim
062.152  001.977  001.977: sourcing /home/razak/.local/share/rvim/site/pack/packer/start/nvim-treesitter/plugin/nvim-treesitter.vim
062.627  000.093  000.093: sourcing /home/razak/.local/share/rvim/site/pack/packer/start/plenary.nvim/plugin/plenary.vim
063.705  000.752  000.752: sourcing /home/razak/.local/share/rvim/site/pack/packer/start/telescope.nvim/plugin/telescope.vim
064.400  000.428  000.428: sourcing /home/razak/.local/share/rvim/site/pack/packer/start/vim-cool/plugin/cool.vim
065.120  000.433  000.433: sourcing /home/razak/.local/share/rvim/site/pack/packer/start/vim-rooter/plugin/rooter.vim
066.246  000.802  000.802: sourcing /home/razak/.local/share/rvim/site/pack/packer/start/vim-surround/plugin/surround.vim
066.468  006.555: loading packages
066.740  000.273: loading after plugins
066.787  000.047: inits 3
069.522  002.735: reading ShaDa
070.182  000.660: opening buffers
075.061  004.879: BufEnter autocommands
075.077  000.016: editing files in windows
079.884  004.806: VimEnter autocommands
079.898  000.014: UIEnter autocommands
080.563  000.543  000.543: sourcing /usr/local/share/nvim/runtime/autoload/provider/clipboard.vim
080.643  000.202: before starting main loop
081.631  000.988: first screen update
081.647  000.016: --- NVIM STARTED ---
